2026-06-29 23:23:00,665 - src.masks - INFO - Запуск функции get_mask_card_number
2026-06-29 23:23:00,666 - src.masks - DEBUG - Входной параметр: 4567888844441234
2026-06-29 23:23:00,666 - src.masks - INFO - Карта успешно замаскирована
2026-06-29 23:23:00,666 - src.masks - DEBUG - Результат: 4567 88** **** 1234
2026-06-29 23:23:00,667 - src.masks - INFO - Запуск функции get_mask_card_number
2026-06-29 23:23:00,667 - src.masks - DEBUG - Входной параметр: 7000000000001111
2026-06-29 23:23:00,667 - src.masks - INFO - Карта успешно замаскирована
2026-06-29 23:23:00,667 - src.masks - DEBUG - Результат: 7000 00** **** 1111
2026-06-29 23:23:00,668 - src.masks - INFO - Запуск функции get_mask_card_number
2026-06-29 23:23:00,668 - src.masks - DEBUG - Входной параметр: 1234567890123456
2026-06-29 23:23:00,668 - src.masks - INFO - Карта успешно замаскирована
2026-06-29 23:23:00,669 - src.masks - DEBUG - Результат: 1234 56** **** 3456
2026-06-29 23:23:00,670 - src.masks - INFO - Запуск функции get_mask_card_number
2026-06-29 23:23:00,670 - src.masks - DEBUG - Входной параметр: 
2026-06-29 23:23:00,670 - src.masks - ERROR - Некорректный номер карты: длина=0
2026-06-29 23:23:00,671 - src.masks - INFO - Запуск функции get_mask_card_number
2026-06-29 23:23:00,671 - src.masks - DEBUG - Входной параметр: 1234
2026-06-29 23:23:00,671 - src.masks - ERROR - Некорректный номер карты: длина=4
2026-06-29 23:23:00,672 - src.masks - INFO - Запуск функции get_mask_card_number
2026-06-29 23:23:00,672 - src.masks - DEBUG - Входной параметр: abcd
2026-06-29 23:23:00,672 - src.masks - ERROR - Некорректный номер карты: длина=4
2026-06-29 23:23:00,673 - src.masks - INFO - Запуск функции get_mask_card_number
2026-06-29 23:23:00,673 - src.masks - DEBUG - Входной параметр: None
2026-06-29 23:23:00,674 - src.masks - INFO - Запуск функции get_mask_card_number
2026-06-29 23:23:00,674 - src.masks - DEBUG - Входной параметр: 12345678901234567890
2026-06-29 23:23:00,674 - src.masks - ERROR - Некорректный номер карты: длина=20
2026-06-29 23:23:00,676 - src.masks - INFO - Запуск функции get_mask_account
2026-06-29 23:23:00,676 - src.masks - DEBUG - Входной параметр: 73654198484386453761
2026-06-29 23:23:00,676 - src.masks - INFO - Счёт успешно замаскирован
2026-06-29 23:23:00,676 - src.masks - DEBUG - Результат: **3761
2026-06-29 23:23:00,677 - src.masks - INFO - Запуск функции get_mask_account
2026-06-29 23:23:00,677 - src.masks - DEBUG - Входной параметр: 12345678901234567890
2026-06-29 23:23:00,677 - src.masks - INFO - Счёт успешно замаскирован
2026-06-29 23:23:00,677 - src.masks - DEBUG - Результат: **7890
2026-06-29 23:23:00,679 - src.masks - INFO - Запуск функции get_mask_account
2026-06-29 23:23:00,679 - src.masks - DEBUG - Входной параметр: 
2026-06-29 23:23:00,679 - src.masks - ERROR - Некорректный номер счёта: длина=0
2026-06-29 23:23:00,680 - src.masks - INFO - Запуск функции get_mask_account
2026-06-29 23:23:00,680 - src.masks - DEBUG - Входной параметр: 12345
2026-06-29 23:23:00,680 - src.masks - INFO - Счёт успешно замаскирован
2026-06-29 23:23:00,681 - src.masks - DEBUG - Результат: **2345
2026-06-29 23:23:00,682 - src.masks - INFO - Запуск функции get_mask_account
2026-06-29 23:23:00,682 - src.masks - DEBUG - Входной параметр: None
2026-06-29 23:23:00,683 - src.masks - INFO - Запуск функции get_mask_account
2026-06-29 23:23:00,683 - src.masks - DEBUG - Входной параметр: 9876543210123456789012345
2026-06-29 23:23:00,683 - src.masks - INFO - Счёт успешно замаскирован
2026-06-29 23:23:00,683 - src.masks - DEBUG - Результат: **2345
2026-06-29 23:23:00,721 - src.masks - INFO - Запуск функции get_mask_card_number
2026-06-29 23:23:00,721 - src.masks - DEBUG - Входной параметр: 4567888844441234
2026-06-29 23:23:00,721 - src.masks - INFO - Карта успешно замаскирована
2026-06-29 23:23:00,721 - src.masks - DEBUG - Результат: 4567 88** **** 1234
2026-06-29 23:23:00,722 - src.masks - INFO - Запуск функции get_mask_account
2026-06-29 23:23:00,722 - src.masks - DEBUG - Входной параметр: 73654198484386453761
2026-06-29 23:23:00,722 - src.masks - INFO - Счёт успешно замаскирован
2026-06-29 23:23:00,722 - src.masks - DEBUG - Результат: **3761
2026-06-29 23:23:00,723 - src.masks - INFO - Запуск функции get_mask_card_number
2026-06-29 23:23:00,723 - src.masks - DEBUG - Входной параметр: 7000000000001111
2026-06-29 23:23:00,723 - src.masks - INFO - Карта успешно замаскирована
2026-06-29 23:23:00,723 - src.masks - DEBUG - Результат: 7000 00** **** 1111
2026-06-29 23:23:00,725 - src.masks - INFO - Запуск функции get_mask_card_number
2026-06-29 23:23:00,726 - src.masks - DEBUG - Входной параметр: 123456
2026-06-29 23:23:00,726 - src.masks - ERROR - Некорректный номер карты: длина=6
2026-06-29 23:23:00,726 - src.masks - INFO - Запуск функции get_mask_card_number
2026-06-29 23:23:00,727 - src.masks - DEBUG - Входной параметр: 1234
2026-06-29 23:23:00,727 - src.masks - ERROR - Некорректный номер карты: длина=4
